  WindowsProject1.cpp
C:\Users\cdtt3\Downloads\WindowsProject1\WindowsProject1.cpp(188,33): warning C4267: инициализация: преобразование из "size_t" в "int"; возможна потеря данных
C:\Users\cdtt3\Downloads\WindowsProject1\WindowsProject1.cpp(203,75): warning C4267: инициализация: преобразование из "size_t" в "int"; возможна потеря данных
C:\Users\cdtt3\Downloads\WindowsProject1\WindowsProject1.cpp(211,60): warning C4267: аргумент: преобразование из "size_t" в "int"; возможна потеря данных
C:\Users\cdtt3\Downloads\WindowsProject1\WindowsProject1.cpp(218,58): warning C4267: аргумент: преобразование из "size_t" в "int"; возможна потеря данных
C:\Users\cdtt3\Downloads\WindowsProject1\WindowsProject1.cpp(302,27): warning C4244: инициализация: преобразование "LRESULT" в "int", возможна потеря данных
C:\Users\cdtt3\Downloads\WindowsProject1\WindowsProject1.cpp(348,27): warning C4244: инициализация: преобразование "LRESULT" в "int", возможна потеря данных
C:\Users\cdtt3\Downloads\WindowsProject1\WindowsProject1.cpp(396,27): warning C4244: инициализация: преобразование "LRESULT" в "int", возможна потеря данных
C:\Users\cdtt3\Downloads\WindowsProject1\WindowsProject1.cpp(473,27): warning C4244: инициализация: преобразование "LRESULT" в "int", возможна потеря данных
C:\Users\cdtt3\Downloads\WindowsProject1\WindowsProject1.cpp(483,40): warning C4244: =: преобразование "LRESULT" в "int", возможна потеря данных
C:\Users\cdtt3\Downloads\WindowsProject1\WindowsProject1.cpp(513,27): warning C4244: инициализация: преобразование "LRESULT" в "int", возможна потеря данных
C:\Users\cdtt3\Downloads\WindowsProject1\WindowsProject1.cpp(527,23): warning C4244: инициализация: преобразование "LRESULT" в "int", возможна потеря данных
C:\Users\cdtt3\Downloads\WindowsProject1\WindowsProject1.cpp(450,15): warning C4101: selectedItems: неиспользованная локальная переменная
C:\Users\cdtt3\Downloads\WindowsProject1\WindowsProject1.cpp(574,31): warning C4244: инициализация: преобразование "LRESULT" в "int", возможна потеря данных
C:\Users\cdtt3\Downloads\WindowsProject1\WindowsProject1.cpp(587,32): warning C4244: инициализация: преобразование "LRESULT" в "int", возможна потеря данных
C:\Users\cdtt3\Downloads\WindowsProject1\WindowsProject1.cpp(588,32): warning C4244: инициализация: преобразование "LRESULT" в "int", возможна потеря данных
C:\Users\cdtt3\Downloads\WindowsProject1\WindowsProject1.cpp(778,1): warning C4267: аргумент: преобразование из "size_t" в "int"; возможна потеря данных
C:\Users\cdtt3\Downloads\WindowsProject1\WindowsProject1.cpp(953,23): warning C4244: инициализация: преобразование "LRESULT" в "int", возможна потеря данных
C:\Users\cdtt3\Downloads\WindowsProject1\WindowsProject1.cpp(962,19): warning C4244: инициализация: преобразование "LRESULT" в "int", возможна потеря данных
C:\Users\cdtt3\Downloads\WindowsProject1\WindowsProject1.cpp(1031,23): warning C4244: инициализация: преобразование "LRESULT" в "int", возможна потеря данных
C:\Users\cdtt3\Downloads\WindowsProject1\WindowsProject1.cpp(1040,23): warning C4244: инициализация: преобразование "LRESULT" в "int", возможна потеря данных
C:\Users\cdtt3\Downloads\WindowsProject1\WindowsProject1.cpp(1112,23): warning C4244: инициализация: преобразование "LRESULT" в "int", возможна потеря данных
C:\Users\cdtt3\Downloads\WindowsProject1\WindowsProject1.cpp(1125,27): warning C4244: инициализация: преобразование "LRESULT" в "int", возможна потеря данных
C:\Users\cdtt3\Downloads\WindowsProject1\WindowsProject1.cpp(1140,23): warning C4244: инициализация: преобразование "LRESULT" в "int", возможна потеря данных
C:\Users\cdtt3\Downloads\WindowsProject1\WindowsProject1.cpp(1210,27): warning C4244: инициализация: преобразование "LRESULT" в "int", возможна потеря данных
C:\Users\cdtt3\Downloads\WindowsProject1\WindowsProject1.cpp(1214,31): warning C4244: инициализация: преобразование "LRESULT" в "int", возможна потеря данных
C:\Users\cdtt3\Downloads\WindowsProject1\WindowsProject1.cpp(1232,23): warning C4244: инициализация: преобразование "LRESULT" в "int", возможна потеря данных
C:\Users\cdtt3\Downloads\WindowsProject1\WindowsProject1.cpp(1296,27): warning C4244: инициализация: преобразование "LRESULT" в "int", возможна потеря данных
C:\Users\cdtt3\Downloads\WindowsProject1\WindowsProject1.cpp(1300,31): warning C4244: инициализация: преобразование "LRESULT" в "int", возможна потеря данных
C:\Users\cdtt3\Downloads\WindowsProject1\WindowsProject1.cpp(1316,23): warning C4244: инициализация: преобразование "LRESULT" в "int", возможна потеря данных
C:\Users\cdtt3\Downloads\WindowsProject1\WindowsProject1.cpp(1496,1): warning C4267: аргумент: преобразование из "size_t" в "int"; возможна потеря данных
C:\Users\cdtt3\Downloads\WindowsProject1\WindowsProject1.cpp(1507,1): warning C4267: аргумент: преобразование из "size_t" в "int"; возможна потеря данных
  WindowsProject1.vcxproj -> C:\Users\cdtt3\Downloads\WindowsProject1\x64\Debug\WindowsProject1.exe
